<?xml version="1.0" encoding="UTF-8"?>
<testsuites tests="1" failures="1" disabled="0" errors="0" timestamp="2016-09-01T09:03:27" time="0" name="AllTests">
  <testsuite name="ValidationTest" tests="1" failures="1" disabled="0" errors="0" time="0">
    <testcase name="All" status="run" time="0" classname="ValidationTest">
      <failure message="/home/travis/src/dune-xt-common/dune/xt/common/test/validation.cc:81&#x0A;Value of: ValidateGreaterOrEqual&lt;T&gt;(arg)(lower)&#x0A;  Actual: false&#x0A;Expected: true" type=""><![CDATA[/home/travis/src/dune-xt-common/dune/xt/common/test/validation.cc:81
Value of: ValidateGreaterOrEqual<T>(arg)(lower)
  Actual: false
Expected: true]]></failure>
      <failure message="/home/travis/src/dune-xt-common/dune/xt/common/test/validation.cc:83&#x0A;Value of: ValidateInterval&lt;T&gt;(lower, upper)(arg)&#x0A;  Actual: false&#x0A;Expected: true" type=""><![CDATA[/home/travis/src/dune-xt-common/dune/xt/common/test/validation.cc:83
Value of: ValidateInterval<T>(lower, upper)(arg)
  Actual: false
Expected: true]]></failure>
      <failure message="/home/travis/src/dune-xt-common/dune/xt/common/test/validation.cc:80&#x0A;Value of: ValidateLess&lt;T&gt;(clamped_arg)(upper)&#x0A;  Actual: false&#x0A;Expected: true" type=""><![CDATA[/home/travis/src/dune-xt-common/dune/xt/common/test/validation.cc:80
Value of: ValidateLess<T>(clamped_arg)(upper)
  Actual: false
Expected: true]]></failure>
    </testcase>
  </testsuite>
</testsuites>
