<?xml version="1.0" encoding="UTF-8"?>
<testsuites tests="6" failures="3" disabled="0" errors="0" timestamp="2016-06-01T08:15:41" time="0" name="AllTests">
  <testsuite name="FloatCmpTest" tests="6" failures="3" disabled="0" errors="0" time="0">
    <testcase name="eq" status="run" time="0" classname="FloatCmpTest" />
    <testcase name="ne" status="run" time="0" classname="FloatCmpTest">
      <failure message="/home/travis/src/dune-xt-common/dune/xt/common/test/float_cmp.hh:62&#x0A;ne(expected, actual, rtol, atol) evaluates to false, where&#x0A;expected evaluates to [0 0 0 0]&#x0A;actual evaluates to [1.5987211554602255e-15 1.5987211554602255e-15 1.5987211554602255e-15 1.5987211554602255e-15]&#x0A;rtol evaluates to 1.7763568394002505e-15&#x0A;atol evaluates to 1.7763568394002505e-15" type=""><![CDATA[/home/travis/src/dune-xt-common/dune/xt/common/test/float_cmp.hh:62
ne(expected, actual, rtol, atol) evaluates to false, where
expected evaluates to [0 0 0 0]
actual evaluates to [1.5987211554602255e-15 1.5987211554602255e-15 1.5987211554602255e-15 1.5987211554602255e-15]
rtol evaluates to 1.7763568394002505e-15
atol evaluates to 1.7763568394002505e-15]]></failure>
    </testcase>
    <testcase name="gt" status="run" time="0" classname="FloatCmpTest">
      <failure message="/home/travis/src/dune-xt-common/dune/xt/common/test/float_cmp.hh:63&#x0A;gt(expected, actual, rtol, atol) evaluates to false, where&#x0A;expected evaluates to [1.5987211554602255e-15 1.5987211554602255e-15 1.5987211554602255e-15 1.5987211554602255e-15]&#x0A;actual evaluates to [0 0 0 0]&#x0A;rtol evaluates to 1.7763568394002505e-15&#x0A;atol evaluates to 1.7763568394002505e-15" type=""><![CDATA[/home/travis/src/dune-xt-common/dune/xt/common/test/float_cmp.hh:63
gt(expected, actual, rtol, atol) evaluates to false, where
expected evaluates to [1.5987211554602255e-15 1.5987211554602255e-15 1.5987211554602255e-15 1.5987211554602255e-15]
actual evaluates to [0 0 0 0]
rtol evaluates to 1.7763568394002505e-15
atol evaluates to 1.7763568394002505e-15]]></failure>
    </testcase>
    <testcase name="lt" status="run" time="0" classname="FloatCmpTest">
      <failure message="/home/travis/src/dune-xt-common/dune/xt/common/test/float_cmp.hh:64&#x0A;lt(expected, actual, rtol, atol) evaluates to false, where&#x0A;expected evaluates to [0 0 0 0]&#x0A;actual evaluates to [1.5987211554602255e-15 1.5987211554602255e-15 1.5987211554602255e-15 1.5987211554602255e-15]&#x0A;rtol evaluates to 1.7763568394002505e-15&#x0A;atol evaluates to 1.7763568394002505e-15" type=""><![CDATA[/home/travis/src/dune-xt-common/dune/xt/common/test/float_cmp.hh:64
lt(expected, actual, rtol, atol) evaluates to false, where
expected evaluates to [0 0 0 0]
actual evaluates to [1.5987211554602255e-15 1.5987211554602255e-15 1.5987211554602255e-15 1.5987211554602255e-15]
rtol evaluates to 1.7763568394002505e-15
atol evaluates to 1.7763568394002505e-15]]></failure>
    </testcase>
    <testcase name="ge" status="run" time="0" classname="FloatCmpTest" />
    <testcase name="le" status="run" time="0" classname="FloatCmpTest" />
  </testsuite>
</testsuites>
